{"C:\\Users\\desou\\Desktop\\ConvertionApi\\src\\controllers\\healcheck.controller.ts": {"path":"C:\\Users\\desou\\Desktop\\ConvertionApi\\src\\controllers\\healcheck.controller.ts","statementMap":{"0":{"start":{"line":3,"column":0},"end":{"line":15,"column":null}},"1":{"start":{"line":3,"column":61},"end":{"line":15,"column":null}},"2":{"start":{"line":4,"column":4},"end":{"line":14,"column":7}}},"fnMap":{"0":{"name":"(anonymous_13)","decl":{"start":{"line":3,"column":15},"end":{"line":3,"column":22}},"loc":{"start":{"line":3,"column":61},"end":{"line":15,"column":null}}},"1":{"name":"(anonymous_14)","decl":{"start":{"line":3,"column":61},"end":{"line":3,"column":null}},"loc":{"start":{"line":3,"column":61},"end":{"line":15,"column":null}}}},"branchMap":{},"s":{"0":1,"1":1,"2":1},"f":{"0":1,"1":1},"b":{}}
,"C:\\Users\\desou\\Desktop\\ConvertionApi\\src\\utils\\tests.utils.ts": {"path":"C:\\Users\\desou\\Desktop\\ConvertionApi\\src\\utils\\tests.utils.ts","statementMap":{"0":{"start":{"line":1,"column":13},"end":{"line":5,"column":2}},"1":{"start":{"line":3,"column":4},"end":{"line":3,"column":16}}},"fnMap":{"0":{"name":"(anonymous_0)","decl":{"start":{"line":2,"column":16},"end":{"line":2,"column":17}},"loc":{"start":{"line":2,"column":21},"end":{"line":4,"column":3}}}},"branchMap":{},"s":{"0":1,"1":1},"f":{"0":1},"b":{}}
}
